Arguments: 
  /usr/local/bin/node /usr/local/Cellar/yarn/0.27.5_1/libexec/bin/yarn.js add @expo/vector-icons

PATH: 
  /Users/vyas/.rvm/gems/ruby-2.3.3/bin:/Users/vyas/.rvm/gems/ruby-2.3.3@global/bin:/Users/vyas/.rvm/rubies/ruby-2.3.3/bin:/usr/local/bin:/usr/bin:/bin:/usr/sbin:/sbin:/Library/Frameworks/Mono.framework/Versions/Current/Commands:/Users/vyas/.rvm/bin:/Users/vyas/.android-sdk-macosx/platform-tools/:/Users/vyas/Users/vyas/Library/Android/sdk/:/Users/vyas/Users/vyas/Library/Android/sdk/:/opt/local/share/java/android-sdk-macosx/platform-tools:/opt/local/share/java/android-sdk-macosx/platform-tools:/Users/vyas/Users/vyas/Library/Android/sdk/:~~/Library/Android/sdk:/Users/vyas/Library/Android/sdk/platform-tools/:/Users//Library/Android/sdk/platform-tools/:/Users/vyas/Library/Android/sdk/platform-tools/

Yarn version: 
  0.27.5

Node version: 
  9.4.0

Platform: 
  darwin x64

npm manifest: 
  {
    "main": "node_modules/expo/AppEntry.js",
    "private": true,
    "dependencies": {
      "@mapbox/polyline": "^1.0.0",
      "@ptomasroos/react-native-multi-slider": "0.0.14",
      "babel-eslint": "^8.2.3",
      "babel-preset-react-native-stage-0": "^1.0.1",
      "base64id": "^1.0.0",
      "eslint-plugin-react-native": "^3.2.1",
      "expo": "^22.0.0",
      "haversine": "^1.1.0",
      "mobx": "^3.6.2",
      "mobx-react": "^4.4.3",
      "moment": "^2.22.1",
      "native-base": "^2.4.5",
      "react": "16.0.0-beta.5",
      "react-native": "https://github.com/expo/react-native/archive/sdk-27.0.0.tar.gz",
      "react-native-confirmation-code-input": "^1.0.4",
      "react-native-hypertrack": "^3.1.10",
      "react-native-image-picker": "^0.26.10",
      "react-native-image-placeholder": "^1.0.14",
      "react-native-indicator": "^0.7.0",
      "react-native-keyboard-spacer": "^0.4.1",
      "react-native-maps": ">=0.12.4",
      "react-native-modal": "^5.4.0",
      "react-native-multiple-select-list": "^1.0.4",
      "react-native-phone-input": "^0.2.1",
      "react-native-search-filter": "^0.1.3",
      "react-native-vector-icons": "^2.0.3",
      "react-navigation": "^1.5.12"
    },
    "name": "water-app",
    "version": "0.0.0",
    "description": "Hello Expo!",
    "author": null,
    "devDependencies": {
      "babel-plugin-transform-decorators-legacy": "^1.3.4",
      "eslint": "^4.19.1",
      "eslint-config-google": "^0.9.1",
      "eslint-plugin-react": "^7.8.2",
      "eslint-plugin-require-path-exists": "^1.1.8"
    }
  }

yarn manifest: 
  No manifest

Lockfile: 
  No lockfile

Trace: 
  Error: https://registry.yarnpkg.com/react-native-maps/-/react-native-maps-0.17.0.tgz: Request failed "503 Service Unavailable"
      at Request.handleRequestError (/usr/local/Cellar/yarn/0.27.5_1/libexec/lib/yarn-cli.js:56351:20)
      at Request.emit (events.js:160:13)
      at Request.onRequestResponse (/usr/local/Cellar/yarn/0.27.5_1/libexec/lib/yarn-cli.js:115128:10)
      at ClientRequest.emit (events.js:160:13)
      at HTTPParser.parserOnIncomingClient (_http_client.js:548:21)
      at HTTPParser.parserOnHeadersComplete (_http_common.js:115:23)
      at TLSSocket.socketOnData (_http_client.js:439:20)
      at TLSSocket.emit (events.js:160:13)
      at addChunk (_stream_readable.js:269:12)
      at readableAddChunk (_stream_readable.js:256:11)
